{
  message: 'Database connection successfully',
  level: 'info',
  service: 'user-service',
  label: 'PHU',
  timestamp: '2023-06-15T19:28:24.857Z'
}
{
  message: 'Application listening on port 5000',
  level: 'info',
  service: 'user-service',
  label: 'PHU',
  timestamp: '2023-06-15T19:28:24.888Z'
}
{
  message: 'Database connection successfully',
  level: 'info',
  service: 'user-service',
  label: 'PHU',
  timestamp: '2023-06-15T19:36:48.193Z'
}
{
  message: 'Application listening on port 5000',
  level: 'info',
  service: 'user-service',
  label: 'PHU',
  timestamp: '2023-06-15T19:36:48.212Z'
}
{
  message: 'Database connection successfully',
  level: 'info',
  service: 'user-service',
  label: 'PHU',
  timestamp: '2023-06-15T19:37:42.915Z'
}
{
  message: 'Application listening on port 5000',
  level: 'info',
  service: 'user-service',
  label: 'PHU',
  timestamp: '2023-06-15T19:37:42.935Z'
}
{
  message: 'Database connection successfully',
  level: 'info',
  service: 'user-service',
  label: 'PHU',
  timestamp: '2023-06-15T19:37:52.119Z'
}
{
  message: 'Application listening on port 5000',
  level: 'info',
  service: 'user-service',
  label: 'PHU',
  timestamp: '2023-06-15T19:37:52.141Z'
}
{
  message: 'Database connection successfully',
  level: 'info',
  service: 'user-service',
  label: 'PHU',
  timestamp: '2023-06-15T19:38:25.170Z'
}
{
  message: 'Application listening on port 5000',
  level: 'info',
  service: 'user-service',
  label: 'PHU',
  timestamp: '2023-06-15T19:38:25.189Z'
}
{
  message: 'Database connection successfully',
  level: 'info',
  service: 'user-service',
  label: 'PHU',
  timestamp: '2023-06-15T19:38:43.279Z'
}
{
  message: 'Application listening on port 5000',
  level: 'info',
  service: 'user-service',
  label: 'PHU',
  timestamp: '2023-06-15T19:38:43.295Z'
}
{
  message: 'Database connection successfully',
  level: 'info',
  service: 'user-service',
  label: 'PHU',
  timestamp: '2023-06-15T19:39:11.795Z'
}
{
  message: 'Application listening on port 5000',
  level: 'info',
  service: 'user-service',
  label: 'PHU',
  timestamp: '2023-06-15T19:39:11.807Z'
}
{
  message: 'Database connection successfully',
  level: 'info',
  service: 'user-service',
  label: 'PHU',
  timestamp: '2023-06-15T19:39:14.034Z'
}
{
  message: 'Application listening on port 5000',
  level: 'info',
  service: 'user-service',
  label: 'PHU',
  timestamp: '2023-06-15T19:39:14.057Z'
}
{
  message: 'Database connection successfully',
  level: 'info',
  service: 'user-service',
  label: 'PHU',
  timestamp: '2023-06-15T19:39:38.698Z'
}
{
  message: 'Application listening on port 5000',
  level: 'info',
  service: 'user-service',
  label: 'PHU',
  timestamp: '2023-06-15T19:39:38.727Z'
}
{
  message: 'Database connection successfully',
  level: 'info',
  service: 'user-service',
  label: 'PHU',
  timestamp: '2023-06-15T19:39:58.336Z'
}
{
  message: 'Application listening on port 5000',
  level: 'info',
  service: 'user-service',
  label: 'PHU',
  timestamp: '2023-06-15T19:39:58.353Z'
}
{
  message: 'Database connection successfully',
  level: 'info',
  service: 'user-service',
  label: 'PHU',
  timestamp: '2023-06-15T19:40:05.580Z'
}
{
  message: 'Application listening on port 5000',
  level: 'info',
  service: 'user-service',
  label: 'PHU',
  timestamp: '2023-06-15T19:40:05.596Z'
}
{
  message: 'Database connection successfully',
  level: 'info',
  service: 'user-service',
  label: 'PHU',
  timestamp: '2023-06-15T19:40:37.102Z'
}
{
  message: 'Application listening on port 5000',
  level: 'info',
  service: 'user-service',
  label: 'PHU',
  timestamp: '2023-06-15T19:40:37.121Z'
}
{
  message: 'Database connection successfully',
  level: 'info',
  service: 'user-service',
  label: 'PHU',
  timestamp: '2023-06-15T19:40:56.487Z'
}
{
  message: 'Application listening on port 5000',
  level: 'info',
  service: 'user-service',
  label: 'PHU',
  timestamp: '2023-06-15T19:40:56.513Z'
}
{
  message: 'Database connection successfully',
  level: 'info',
  service: 'user-service',
  label: 'PHU',
  timestamp: '2023-06-15T19:43:09.294Z'
}
{
  message: 'Application listening on port 5000',
  level: 'info',
  service: 'user-service',
  label: 'PHU',
  timestamp: '2023-06-15T19:43:09.311Z'
}
{
  message: 'Database connection successfully',
  level: 'info',
  service: 'user-service',
  label: 'PHU',
  timestamp: '2023-06-15T19:47:02.851Z'
}
{
  message: 'Application listening on port 5000',
  level: 'info',
  service: 'user-service',
  label: 'PHU',
  timestamp: '2023-06-15T19:47:02.870Z'
}
{
  message: 'Database connection successfully',
  level: 'info',
  service: 'user-service',
  label: 'PHU',
  timestamp: '2023-06-15T19:47:14.519Z'
}
{
  message: 'Application listening on port 5000',
  level: 'info',
  service: 'user-service',
  label: 'PHU',
  timestamp: '2023-06-15T19:47:14.534Z'
}
{
  message: 'Database connection successfully',
  level: 'info',
  service: 'user-service',
  label: 'PHU',
  timestamp: '2023-06-15T19:47:44.596Z'
}
{
  message: 'Application listening on port 5000',
  level: 'info',
  service: 'user-service',
  label: 'PHU',
  timestamp: '2023-06-15T19:47:44.618Z'
}
{
  message: 'Database connection successfully',
  level: 'info',
  service: 'user-service',
  label: 'PHU',
  timestamp: '2023-06-15T19:48:00.513Z'
}
{
  message: 'Application listening on port 5000',
  level: 'info',
  service: 'user-service',
  label: 'PHU',
  timestamp: '2023-06-15T19:48:00.534Z'
}
{
  message: 'Database connection successfully',
  level: 'info',
  service: 'user-service',
  label: 'PHU',
  timestamp: '2023-06-15T19:48:14.513Z'
}
{
  message: 'Application listening on port 5000',
  level: 'info',
  service: 'user-service',
  label: 'PHU',
  timestamp: '2023-06-15T19:48:14.530Z'
}
