{
  message: 'Database connection successfully',
  level: 'info',
  service: 'user-service',
  label: 'PHU',
  timestamp: '2023-06-12T18:11:18.819Z'
}
{
  message: 'Application listening on port 5000',
  level: 'info',
  service: 'user-service',
  label: 'PHU',
  timestamp: '2023-06-12T18:11:18.845Z'
}
{
  message: 'Database connection successfully',
  level: 'info',
  service: 'user-service',
  label: 'PHU',
  timestamp: '2023-06-12T18:12:00.444Z'
}
{
  message: 'Application listening on port 5000',
  level: 'info',
  service: 'user-service',
  label: 'PHU',
  timestamp: '2023-06-12T18:12:00.459Z'
}
{
  message: 'Database connection successfully',
  level: 'info',
  service: 'user-service',
  label: 'PHU',
  timestamp: '2023-06-12T18:12:49.500Z'
}
{
  message: 'Application listening on port 5000',
  level: 'info',
  service: 'user-service',
  label: 'PHU',
  timestamp: '2023-06-12T18:12:49.518Z'
}
{
  message: 'Database connection successfully',
  level: 'info',
  service: 'user-service',
  label: 'PHU',
  timestamp: '2023-06-12T18:16:09.946Z'
}
{
  message: 'Application listening on port 5000',
  level: 'info',
  service: 'user-service',
  label: 'PHU',
  timestamp: '2023-06-12T18:16:09.987Z'
}
{
  message: 'Database connection successfully',
  level: 'info',
  service: 'user-service',
  label: 'PHU',
  timestamp: '2023-06-12T18:16:44.819Z'
}
{
  message: 'Application listening on port 5000',
  level: 'info',
  service: 'user-service',
  label: 'PHU',
  timestamp: '2023-06-12T18:16:44.845Z'
}
{
  message: 'Database connection successfully',
  level: 'info',
  service: 'user-service',
  label: 'PHU',
  timestamp: '2023-06-12T18:28:54.675Z'
}
{
  message: 'Application listening on port 5000',
  level: 'info',
  service: 'user-service',
  label: 'PHU',
  timestamp: '2023-06-12T18:28:54.696Z'
}
{
  message: 'Database connection successfully',
  level: 'info',
  service: 'user-service',
  label: 'PHU',
  timestamp: '2023-06-12T18:29:00.149Z'
}
{
  message: 'Application listening on port 5000',
  level: 'info',
  service: 'user-service',
  label: 'PHU',
  timestamp: '2023-06-12T18:29:00.164Z'
}
{
  message: 'Database connection successfully',
  level: 'info',
  service: 'user-service',
  label: 'PHU',
  timestamp: '2023-06-12T18:52:35.827Z'
}
{
  message: 'Application listening on port 5000',
  level: 'info',
  service: 'user-service',
  label: 'PHU',
  timestamp: '2023-06-12T18:52:35.845Z'
}
{
  message: 'Database connection successfully',
  level: 'info',
  service: 'user-service',
  label: 'PHU',
  timestamp: '2023-06-12T18:54:40.373Z'
}
{
  message: 'Application listening on port 5000',
  level: 'info',
  service: 'user-service',
  label: 'PHU',
  timestamp: '2023-06-12T18:54:40.393Z'
}
