{
  stringValue: '"648b37621eab4fd396a2d"',
  messageFormat: undefined,
  kind: 'ObjectId',
  value: '648b37621eab4fd396a2d',
  path: '_id',
  reason: BSONError: Argument passed in must be a string of 12 bytes or a string of 24 hex characters or an integer
      at new ObjectId (F:\programmingHero\programmingherolevel_2\university-management-auth-service\node_modules\bson\src\objectid.ts:88:15)
      at castObjectId (F:\programmingHero\programmingherolevel_2\university-management-auth-service\node_modules\mongoose\lib\cast\objectid.js:25:12)
      at ObjectId.cast (F:\programmingHero\programmingherolevel_2\university-management-auth-service\node_modules\mongoose\lib\schema\objectid.js:246:12)
      at ObjectId.SchemaType.applySetters (F:\programmingHero\programmingherolevel_2\university-management-auth-service\node_modules\mongoose\lib\schematype.js:1204:12)
      at ObjectId.SchemaType.castForQuery (F:\programmingHero\programmingherolevel_2\university-management-auth-service\node_modules\mongoose\lib\schematype.js:1616:15)
      at cast (F:\programmingHero\programmingherolevel_2\university-management-auth-service\node_modules\mongoose\lib\cast.js:348:32)
      at model.Query.Query.cast (F:\programmingHero\programmingherolevel_2\university-management-auth-service\node_modules\mongoose\lib\query.js:4874:12)
      at model.Query.Query._castConditions (F:\programmingHero\programmingherolevel_2\university-management-auth-service\node_modules\mongoose\lib\query.js:2210:10)
      at model.Query._findOne (F:\programmingHero\programmingherolevel_2\university-management-auth-service\node_modules\mongoose\lib\query.js:2497:8)
      at model.Query.exec (F:\programmingHero\programmingherolevel_2\university-management-auth-service\node_modules\mongoose\lib\query.js:4404:28),
  valueType: 'string',
  model: Model { AcademicSemester },
  level: 'error',
  service: 'user-service',
  label: 'PHU',
  timestamp: '2023-06-15T20:43:17.114Z'
}
{
  stringValue: '"648b37621eab4fd396a2d"',
  messageFormat: undefined,
  kind: 'ObjectId',
  value: '648b37621eab4fd396a2d',
  path: '_id',
  reason: BSONError: Argument passed in must be a string of 12 bytes or a string of 24 hex characters or an integer
      at new ObjectId (F:\programmingHero\programmingherolevel_2\university-management-auth-service\node_modules\bson\src\objectid.ts:88:15)
      at castObjectId (F:\programmingHero\programmingherolevel_2\university-management-auth-service\node_modules\mongoose\lib\cast\objectid.js:25:12)
      at ObjectId.cast (F:\programmingHero\programmingherolevel_2\university-management-auth-service\node_modules\mongoose\lib\schema\objectid.js:246:12)
      at ObjectId.SchemaType.applySetters (F:\programmingHero\programmingherolevel_2\university-management-auth-service\node_modules\mongoose\lib\schematype.js:1204:12)
      at ObjectId.SchemaType.castForQuery (F:\programmingHero\programmingherolevel_2\university-management-auth-service\node_modules\mongoose\lib\schematype.js:1616:15)
      at cast (F:\programmingHero\programmingherolevel_2\university-management-auth-service\node_modules\mongoose\lib\cast.js:348:32)
      at model.Query.Query.cast (F:\programmingHero\programmingherolevel_2\university-management-auth-service\node_modules\mongoose\lib\query.js:4874:12)
      at model.Query.Query._castConditions (F:\programmingHero\programmingherolevel_2\university-management-auth-service\node_modules\mongoose\lib\query.js:2210:10)
      at model.Query._findOne (F:\programmingHero\programmingherolevel_2\university-management-auth-service\node_modules\mongoose\lib\query.js:2497:8)
      at model.Query.exec (F:\programmingHero\programmingherolevel_2\university-management-auth-service\node_modules\mongoose\lib\query.js:4404:28),
  valueType: 'string',
  model: Model { AcademicSemester },
  level: 'error',
  service: 'user-service',
  label: 'PHU',
  timestamp: '2023-06-15T20:45:51.995Z'
}
{
  stringValue: '"648b37621eab4fd396a2d"',
  messageFormat: undefined,
  kind: 'ObjectId',
  value: '648b37621eab4fd396a2d',
  path: '_id',
  reason: BSONError: Argument passed in must be a string of 12 bytes or a string of 24 hex characters or an integer
      at new ObjectId (F:\programmingHero\programmingherolevel_2\university-management-auth-service\node_modules\bson\src\objectid.ts:88:15)
      at castObjectId (F:\programmingHero\programmingherolevel_2\university-management-auth-service\node_modules\mongoose\lib\cast\objectid.js:25:12)
      at ObjectId.cast (F:\programmingHero\programmingherolevel_2\university-management-auth-service\node_modules\mongoose\lib\schema\objectid.js:246:12)
      at ObjectId.SchemaType.applySetters (F:\programmingHero\programmingherolevel_2\university-management-auth-service\node_modules\mongoose\lib\schematype.js:1204:12)
      at ObjectId.SchemaType.castForQuery (F:\programmingHero\programmingherolevel_2\university-management-auth-service\node_modules\mongoose\lib\schematype.js:1616:15)
      at cast (F:\programmingHero\programmingherolevel_2\university-management-auth-service\node_modules\mongoose\lib\cast.js:348:32)
      at model.Query.Query.cast (F:\programmingHero\programmingherolevel_2\university-management-auth-service\node_modules\mongoose\lib\query.js:4874:12)
      at model.Query.Query._castConditions (F:\programmingHero\programmingherolevel_2\university-management-auth-service\node_modules\mongoose\lib\query.js:2210:10)
      at model.Query._findOne (F:\programmingHero\programmingherolevel_2\university-management-auth-service\node_modules\mongoose\lib\query.js:2497:8)
      at model.Query.exec (F:\programmingHero\programmingherolevel_2\university-management-auth-service\node_modules\mongoose\lib\query.js:4404:28),
  valueType: 'string',
  model: Model { AcademicSemester },
  level: 'error',
  service: 'user-service',
  label: 'PHU',
  timestamp: '2023-06-15T20:46:50.009Z'
}
{
  stringValue: '"648b37621eab4fd396a2d2e"',
  messageFormat: undefined,
  kind: 'ObjectId',
  value: '648b37621eab4fd396a2d2e',
  path: '_id',
  reason: BSONError: Argument passed in must be a string of 12 bytes or a string of 24 hex characters or an integer
      at new ObjectId (F:\programmingHero\programmingherolevel_2\university-management-auth-service\node_modules\bson\src\objectid.ts:88:15)
      at castObjectId (F:\programmingHero\programmingherolevel_2\university-management-auth-service\node_modules\mongoose\lib\cast\objectid.js:25:12)
      at ObjectId.cast (F:\programmingHero\programmingherolevel_2\university-management-auth-service\node_modules\mongoose\lib\schema\objectid.js:246:12)
      at ObjectId.SchemaType.applySetters (F:\programmingHero\programmingherolevel_2\university-management-auth-service\node_modules\mongoose\lib\schematype.js:1204:12)
      at ObjectId.SchemaType.castForQuery (F:\programmingHero\programmingherolevel_2\university-management-auth-service\node_modules\mongoose\lib\schematype.js:1616:15)
      at cast (F:\programmingHero\programmingherolevel_2\university-management-auth-service\node_modules\mongoose\lib\cast.js:348:32)
      at model.Query.Query.cast (F:\programmingHero\programmingherolevel_2\university-management-auth-service\node_modules\mongoose\lib\query.js:4874:12)
      at model.Query.Query._castConditions (F:\programmingHero\programmingherolevel_2\university-management-auth-service\node_modules\mongoose\lib\query.js:2210:10)
      at model.Query._findOne (F:\programmingHero\programmingherolevel_2\university-management-auth-service\node_modules\mongoose\lib\query.js:2497:8)
      at model.Query.exec (F:\programmingHero\programmingherolevel_2\university-management-auth-service\node_modules\mongoose\lib\query.js:4404:28),
  valueType: 'string',
  model: Model { AcademicSemester },
  level: 'error',
  service: 'user-service',
  label: 'PHU',
  timestamp: '2023-06-15T20:47:50.261Z'
}
{
  stringValue: '"648b37621eab4fd396a2d2e"',
  messageFormat: undefined,
  kind: 'ObjectId',
  value: '648b37621eab4fd396a2d2e',
  path: '_id',
  reason: BSONError: Argument passed in must be a string of 12 bytes or a string of 24 hex characters or an integer
      at new ObjectId (F:\programmingHero\programmingherolevel_2\university-management-auth-service\node_modules\bson\src\objectid.ts:88:15)
      at castObjectId (F:\programmingHero\programmingherolevel_2\university-management-auth-service\node_modules\mongoose\lib\cast\objectid.js:25:12)
      at ObjectId.cast (F:\programmingHero\programmingherolevel_2\university-management-auth-service\node_modules\mongoose\lib\schema\objectid.js:246:12)
      at ObjectId.SchemaType.applySetters (F:\programmingHero\programmingherolevel_2\university-management-auth-service\node_modules\mongoose\lib\schematype.js:1204:12)
      at ObjectId.SchemaType.castForQuery (F:\programmingHero\programmingherolevel_2\university-management-auth-service\node_modules\mongoose\lib\schematype.js:1616:15)
      at cast (F:\programmingHero\programmingherolevel_2\university-management-auth-service\node_modules\mongoose\lib\cast.js:348:32)
      at model.Query.Query.cast (F:\programmingHero\programmingherolevel_2\university-management-auth-service\node_modules\mongoose\lib\query.js:4874:12)
      at model.Query.Query._castConditions (F:\programmingHero\programmingherolevel_2\university-management-auth-service\node_modules\mongoose\lib\query.js:2210:10)
      at model.Query._findOne (F:\programmingHero\programmingherolevel_2\university-management-auth-service\node_modules\mongoose\lib\query.js:2497:8)
      at model.Query.exec (F:\programmingHero\programmingherolevel_2\university-management-auth-service\node_modules\mongoose\lib\query.js:4404:28),
  valueType: 'string',
  model: Model { AcademicSemester },
  level: 'error',
  service: 'user-service',
  label: 'PHU',
  timestamp: '2023-06-15T20:49:05.758Z'
}
{
  stringValue: '"648b37"',
  messageFormat: undefined,
  kind: 'ObjectId',
  value: '648b37',
  path: '_id',
  reason: BSONError: Argument passed in must be a string of 12 bytes or a string of 24 hex characters or an integer
      at new ObjectId (F:\programmingHero\programmingherolevel_2\university-management-auth-service\node_modules\bson\src\objectid.ts:88:15)
      at castObjectId (F:\programmingHero\programmingherolevel_2\university-management-auth-service\node_modules\mongoose\lib\cast\objectid.js:25:12)
      at ObjectId.cast (F:\programmingHero\programmingherolevel_2\university-management-auth-service\node_modules\mongoose\lib\schema\objectid.js:246:12)
      at ObjectId.SchemaType.applySetters (F:\programmingHero\programmingherolevel_2\university-management-auth-service\node_modules\mongoose\lib\schematype.js:1204:12)
      at ObjectId.SchemaType.castForQuery (F:\programmingHero\programmingherolevel_2\university-management-auth-service\node_modules\mongoose\lib\schematype.js:1616:15)
      at cast (F:\programmingHero\programmingherolevel_2\university-management-auth-service\node_modules\mongoose\lib\cast.js:348:32)
      at model.Query.Query.cast (F:\programmingHero\programmingherolevel_2\university-management-auth-service\node_modules\mongoose\lib\query.js:4874:12)
      at model.Query.Query._castConditions (F:\programmingHero\programmingherolevel_2\university-management-auth-service\node_modules\mongoose\lib\query.js:2210:10)
      at model.Query._findOne (F:\programmingHero\programmingherolevel_2\university-management-auth-service\node_modules\mongoose\lib\query.js:2497:8)
      at model.Query.exec (F:\programmingHero\programmingherolevel_2\university-management-auth-service\node_modules\mongoose\lib\query.js:4404:28),
  valueType: 'string',
  model: Model { AcademicSemester },
  level: 'error',
  service: 'user-service',
  label: 'PHU',
  timestamp: '2023-06-15T20:49:49.916Z'
}
{
  stringValue: '"648b37"',
  messageFormat: undefined,
  kind: 'ObjectId',
  value: '648b37',
  path: '_id',
  reason: BSONError: Argument passed in must be a string of 12 bytes or a string of 24 hex characters or an integer
      at new ObjectId (F:\programmingHero\programmingherolevel_2\university-management-auth-service\node_modules\bson\src\objectid.ts:88:15)
      at castObjectId (F:\programmingHero\programmingherolevel_2\university-management-auth-service\node_modules\mongoose\lib\cast\objectid.js:25:12)
      at ObjectId.cast (F:\programmingHero\programmingherolevel_2\university-management-auth-service\node_modules\mongoose\lib\schema\objectid.js:246:12)
      at ObjectId.SchemaType.applySetters (F:\programmingHero\programmingherolevel_2\university-management-auth-service\node_modules\mongoose\lib\schematype.js:1204:12)
      at ObjectId.SchemaType.castForQuery (F:\programmingHero\programmingherolevel_2\university-management-auth-service\node_modules\mongoose\lib\schematype.js:1616:15)
      at cast (F:\programmingHero\programmingherolevel_2\university-management-auth-service\node_modules\mongoose\lib\cast.js:348:32)
      at model.Query.Query.cast (F:\programmingHero\programmingherolevel_2\university-management-auth-service\node_modules\mongoose\lib\query.js:4874:12)
      at model.Query.Query._castConditions (F:\programmingHero\programmingherolevel_2\university-management-auth-service\node_modules\mongoose\lib\query.js:2210:10)
      at model.Query._findOne (F:\programmingHero\programmingherolevel_2\university-management-auth-service\node_modules\mongoose\lib\query.js:2497:8)
      at model.Query.exec (F:\programmingHero\programmingherolevel_2\university-management-auth-service\node_modules\mongoose\lib\query.js:4404:28),
  valueType: 'string',
  model: Model { AcademicSemester },
  level: 'error',
  service: 'user-service',
  label: 'PHU',
  timestamp: '2023-06-15T20:51:58.267Z'
}
{
  stringValue: '"sdaa"',
  messageFormat: undefined,
  kind: 'ObjectId',
  value: 'sdaa',
  path: '_id',
  reason: BSONError: Argument passed in must be a string of 12 bytes or a string of 24 hex characters or an integer
      at new ObjectId (F:\programmingHero\programmingherolevel_2\university-management-auth-service\node_modules\bson\src\objectid.ts:88:15)
      at castObjectId (F:\programmingHero\programmingherolevel_2\university-management-auth-service\node_modules\mongoose\lib\cast\objectid.js:25:12)
      at ObjectId.cast (F:\programmingHero\programmingherolevel_2\university-management-auth-service\node_modules\mongoose\lib\schema\objectid.js:246:12)
      at ObjectId.SchemaType.applySetters (F:\programmingHero\programmingherolevel_2\university-management-auth-service\node_modules\mongoose\lib\schematype.js:1204:12)
      at ObjectId.SchemaType.castForQuery (F:\programmingHero\programmingherolevel_2\university-management-auth-service\node_modules\mongoose\lib\schematype.js:1616:15)
      at cast (F:\programmingHero\programmingherolevel_2\university-management-auth-service\node_modules\mongoose\lib\cast.js:348:32)
      at model.Query.Query.cast (F:\programmingHero\programmingherolevel_2\university-management-auth-service\node_modules\mongoose\lib\query.js:4874:12)
      at model.Query.Query._castConditions (F:\programmingHero\programmingherolevel_2\university-management-auth-service\node_modules\mongoose\lib\query.js:2210:10)
      at model.Query._findOne (F:\programmingHero\programmingherolevel_2\university-management-auth-service\node_modules\mongoose\lib\query.js:2497:8)
      at model.Query.exec (F:\programmingHero\programmingherolevel_2\university-management-auth-service\node_modules\mongoose\lib\query.js:4404:28),
  valueType: 'string',
  model: Model { AcademicSemester },
  level: 'error',
  service: 'user-service',
  label: 'PHU',
  timestamp: '2023-06-15T20:54:25.953Z'
}
